<?xml version="1.0" encoding="UTF-8"?>
<coverage generated="1760493937476" clover="3.2.0">
  <project timestamp="1760493937476" name="All files">
    <metrics statements="16" coveredstatements="14" conditionals="2" coveredconditionals="2" methods="7" coveredmethods="5" elements="25" coveredelements="21" complexity="0" loc="16" ncloc="16" packages="4" files="4" classes="4"/>
    <package name="browseforums">
      <metrics statements="6" coveredstatements="6" conditionals="2" coveredconditionals="2" methods="2" coveredmethods="2"/>
      <file name="forumspage.tsx" path="/Users/tyranricejr./Developer/cs-25-2-team3/capstoneproject/app/browseforums/forumspage.tsx">
        <metrics statements="6" coveredstatements="6" conditionals="2" coveredconditionals="2" methods="2" coveredmethods="2"/>
        <line num="1" count="1" type="stmt"/>
        <line num="2" count="1" type="stmt"/>
        <line num="4" count="1" type="stmt"/>
        <line num="6" count="1" type="stmt"/>
        <line num="28" count="1" type="stmt"/>
        <line num="37" count="2" type="stmt"/>
      </file>
    </package>
    <package name="components.footer">
      <metrics statements="2" coveredstatements="2" conditionals="0" coveredconditionals="0" methods="1" coveredmethods="1"/>
      <file name="footer.tsx" path="/Users/tyranricejr./Developer/cs-25-2-team3/capstoneproject/app/components/footer/footer.tsx">
        <metrics statements="2" coveredstatements="2" conditionals="0" coveredconditionals="0" methods="1" coveredmethods="1"/>
        <line num="1" count="3" type="stmt"/>
        <line num="2" count="3" type="stmt"/>
      </file>
    </package>
    <package name="components.navbar">
      <metrics statements="3" coveredstatements="2" conditionals="0" coveredconditionals="0" methods="2" coveredmethods="1"/>
      <file name="navbar.tsx" path="/Users/tyranricejr./Developer/cs-25-2-team3/capstoneproject/app/components/navbar/navbar.tsx">
        <metrics statements="3" coveredstatements="2" conditionals="0" coveredconditionals="0" methods="2" coveredmethods="1"/>
        <line num="1" count="3" type="stmt"/>
        <line num="2" count="3" type="stmt"/>
        <line num="7" count="0" type="stmt"/>
      </file>
    </package>
    <package name="homepage">
      <metrics statements="5" coveredstatements="4" conditionals="0" coveredconditionals="0" methods="2" coveredmethods="1"/>
      <file name="homepage.tsx" path="/Users/tyranricejr./Developer/cs-25-2-team3/capstoneproject/app/homepage/homepage.tsx">
        <metrics statements="5" coveredstatements="4" conditionals="0" coveredconditionals="0" methods="2" coveredmethods="1"/>
        <line num="1" count="1" type="stmt"/>
        <line num="2" count="1" type="stmt"/>
        <line num="4" count="1" type="stmt"/>
        <line num="5" count="1" type="stmt"/>
        <line num="29" count="0" type="stmt"/>
      </file>
    </package>
  </project>
</coverage>
