{"/Users/tyranricejr./Developer/cs-25-2-team3/capstoneproject/app/browseforums/forumspage.tsx": {"path":"/Users/tyranricejr./Developer/cs-25-2-team3/capstoneproject/app/browseforums/forumspage.tsx","statementMap":{"0":{"start":{"line":4,"column":0},"end":{"line":4,"column":16}},"1":{"start":{"line":1,"column":0},"end":{"line":1,"column":53}},"2":{"start":{"line":2,"column":0},"end":{"line":2,"column":53}},"3":{"start":{"line":6,"column":17},"end":{"line":23,"column":4}},"4":{"start":{"line":28,"column":2},"end":{"line":59,"column":4}},"5":{"start":{"line":37,"column":12},"end":{"line":38,"column":null}}},"fnMap":{"0":{"name":"ForumsPage","decl":{"start":{"line":4,"column":16},"end":{"line":4,"column":26}},"loc":{"start":{"line":4,"column":26},"end":{"line":60,"column":1}}},"1":{"name":"(anonymous_1)","decl":{"start":{"line":36,"column":22},"end":{"line":36,"column":23}},"loc":{"start":{"line":37,"column":12},"end":{"line":38,"column":null}}}},"branchMap":{"0":{"loc":{"start":{"line":43,"column":77},"end":{"line":43,"column":162}},"type":"cond-expr","locations":[{"start":{"line":43,"column":103},"end":{"line":43,"column":132}},{"start":{"line":43,"column":135},"end":{"line":43,"column":162}}]}},"s":{"0":1,"1":1,"2":1,"3":1,"4":1,"5":2},"f":{"0":1,"1":2},"b":{"0":[1,1]}}
,"/Users/tyranricejr./Developer/cs-25-2-team3/capstoneproject/app/components/footer/footer.tsx": {"path":"/Users/tyranricejr./Developer/cs-25-2-team3/capstoneproject/app/components/footer/footer.tsx","statementMap":{"0":{"start":{"line":1,"column":0},"end":{"line":1,"column":16}},"1":{"start":{"line":2,"column":4},"end":{"line":6,"column":6}}},"fnMap":{"0":{"name":"Footer","decl":{"start":{"line":1,"column":16},"end":{"line":1,"column":22}},"loc":{"start":{"line":1,"column":22},"end":{"line":7,"column":1}}}},"branchMap":{},"s":{"0":3,"1":3},"f":{"0":3},"b":{}}
,"/Users/tyranricejr./Developer/cs-25-2-team3/capstoneproject/app/components/navbar/navbar.tsx": {"path":"/Users/tyranricejr./Developer/cs-25-2-team3/capstoneproject/app/components/navbar/navbar.tsx","statementMap":{"0":{"start":{"line":1,"column":0},"end":{"line":1,"column":16}},"1":{"start":{"line":2,"column":2},"end":{"line":19,"column":4}},"2":{"start":{"line":7,"column":12},"end":{"line":7,"column":39}}},"fnMap":{"0":{"name":"NavBar","decl":{"start":{"line":1,"column":16},"end":{"line":1,"column":22}},"loc":{"start":{"line":1,"column":22},"end":{"line":20,"column":1}}},"1":{"name":"(anonymous_1)","decl":{"start":{"line":6,"column":19},"end":{"line":6,"column":22}},"loc":{"start":{"line":6,"column":24},"end":{"line":8,"column":11}}}},"branchMap":{},"s":{"0":3,"1":3,"2":0},"f":{"0":3,"1":0},"b":{}}
,"/Users/tyranricejr./Developer/cs-25-2-team3/capstoneproject/app/homepage/homepage.tsx": {"path":"/Users/tyranricejr./Developer/cs-25-2-team3/capstoneproject/app/homepage/homepage.tsx","statementMap":{"0":{"start":{"line":4,"column":0},"end":{"line":4,"column":16}},"1":{"start":{"line":1,"column":0},"end":{"line":1,"column":53}},"2":{"start":{"line":2,"column":0},"end":{"line":2,"column":53}},"3":{"start":{"line":5,"column":2},"end":{"line":51,"column":4}},"4":{"start":{"line":29,"column":14},"end":{"line":29,"column":47}}},"fnMap":{"0":{"name":"HomePage","decl":{"start":{"line":4,"column":16},"end":{"line":4,"column":24}},"loc":{"start":{"line":4,"column":24},"end":{"line":52,"column":1}}},"1":{"name":"(anonymous_1)","decl":{"start":{"line":28,"column":21},"end":{"line":28,"column":24}},"loc":{"start":{"line":28,"column":26},"end":{"line":30,"column":13}}}},"branchMap":{},"s":{"0":1,"1":1,"2":1,"3":1,"4":0},"f":{"0":1,"1":0},"b":{}}
}
