TN:
SF:app/browseforums/forumspage.tsx
FN:4,ForumsPage
FN:36,(anonymous_1)
FNF:2
FNH:2
FNDA:1,ForumsPage
FNDA:2,(anonymous_1)
DA:1,1
DA:2,1
DA:4,1
DA:6,1
DA:28,1
DA:37,2
LF:6
LH:6
BRDA:43,0,0,1
BRDA:43,0,1,1
BRF:2
BRH:2
end_of_record
TN:
SF:app/components/footer/footer.tsx
FN:1,Footer
FNF:1
FNH:1
FNDA:3,Footer
DA:1,3
DA:2,3
LF:2
LH:2
BRF:0
BRH:0
end_of_record
TN:
SF:app/components/navbar/navbar.tsx
FN:1,NavBar
FN:6,(anonymous_1)
FNF:2
FNH:1
FNDA:3,NavBar
FNDA:0,(anonymous_1)
DA:1,3
DA:2,3
DA:7,0
LF:3
LH:2
BRF:0
BRH:0
end_of_record
TN:
SF:app/homepage/homepage.tsx
FN:4,HomePage
FN:28,(anonymous_1)
FNF:2
FNH:1
FNDA:1,HomePage
FNDA:0,(anonymous_1)
DA:1,1
DA:2,1
DA:4,1
DA:5,1
DA:29,0
LF:5
LH:4
BRF:0
BRH:0
end_of_record
